Determining if the pthread_create exist failed with the following output:
Change Dir: /home/starsky/stealingfire/ws/wiredbot/src/wiredbot_teleop/cmake-build-debug/CMakeFiles/CMakeTmp

Run Build Command(s):/usr/bin/make cmTC_e8372/fast 
/usr/bin/make -f CMakeFiles/cmTC_e8372.dir/build.make CMakeFiles/cmTC_e8372.dir/build
make[1]: Entering directory '/home/starsky/stealingfire/ws/wiredbot/src/wiredbot_teleop/cmake-build-debug/CMakeFiles/CMakeTmp'
Building C object CMakeFiles/cmTC_e8372.dir/CheckSymbolExists.c.o
/usr/bin/cc    -o CMakeFiles/cmTC_e8372.dir/CheckSymbolExists.c.o   -c /home/starsky/stealingfire/ws/wiredbot/src/wiredbot_teleop/cmake-build-debug/CMakeFiles/CMakeTmp/CheckSymbolExists.c
Linking C executable cmTC_e8372
/snap/clion/68/bin/cmake/linux/bin/cmake -E cmake_link_script CMakeFiles/cmTC_e8372.dir/link.txt --verbose=1
/usr/bin/cc      -rdynamic CMakeFiles/cmTC_e8372.dir/CheckSymbolExists.c.o  -o cmTC_e8372 
CMakeFiles/cmTC_e8372.dir/CheckSymbolExists.c.o: In function `main':
CheckSymbolExists.c:(.text+0x16): undefined reference to `pthread_create'
collect2: error: ld returned 1 exit status
CMakeFiles/cmTC_e8372.dir/build.make:86: recipe for target 'cmTC_e8372' failed
make[1]: *** [cmTC_e8372] Error 1
make[1]: Leaving directory '/home/starsky/stealingfire/ws/wiredbot/src/wiredbot_teleop/cmake-build-debug/CMakeFiles/CMakeTmp'
Makefile:121: recipe for target 'cmTC_e8372/fast' failed
make: *** [cmTC_e8372/fast] Error 2

File /home/starsky/stealingfire/ws/wiredbot/src/wiredbot_teleop/cmake-build-debug/CMakeFiles/CMakeTmp/CheckSymbolExists.c:
/* */
#include <pthread.h>

int main(int argc, char** argv)
{
  (void)argv;
#ifndef pthread_create
  return ((int*)(&pthread_create))[argc];
#else
  (void)argc;
  return 0;
#endif
}

Determining if the function pthread_create exists in the pthreads failed with the following output:
Change Dir: /home/starsky/stealingfire/ws/wiredbot/src/wiredbot_teleop/cmake-build-debug/CMakeFiles/CMakeTmp

Run Build Command(s):/usr/bin/make cmTC_132c8/fast 
/usr/bin/make -f CMakeFiles/cmTC_132c8.dir/build.make CMakeFiles/cmTC_132c8.dir/build
make[1]: Entering directory '/home/starsky/stealingfire/ws/wiredbot/src/wiredbot_teleop/cmake-build-debug/CMakeFiles/CMakeTmp'
Building C object CMakeFiles/cmTC_132c8.dir/CheckFunctionExists.c.o
/usr/bin/cc   -DCHECK_FUNCTION_EXISTS=pthread_create   -o CMakeFiles/cmTC_132c8.dir/CheckFunctionExists.c.o   -c /snap/clion/68/bin/cmake/linux/share/cmake-3.14/Modules/CheckFunctionExists.c
Linking C executable cmTC_132c8
/snap/clion/68/bin/cmake/linux/bin/cmake -E cmake_link_script CMakeFiles/cmTC_132c8.dir/link.txt --verbose=1
/usr/bin/cc  -DCHECK_FUNCTION_EXISTS=pthread_create    -rdynamic CMakeFiles/cmTC_132c8.dir/CheckFunctionExists.c.o  -o cmTC_132c8 -lpthreads 
/usr/bin/ld: cannot find -lpthreads
collect2: error: ld returned 1 exit status
CMakeFiles/cmTC_132c8.dir/build.make:86: recipe for target 'cmTC_132c8' failed
make[1]: *** [cmTC_132c8] Error 1
make[1]: Leaving directory '/home/starsky/stealingfire/ws/wiredbot/src/wiredbot_teleop/cmake-build-debug/CMakeFiles/CMakeTmp'
Makefile:121: recipe for target 'cmTC_132c8/fast' failed
make: *** [cmTC_132c8/fast] Error 2


